[debug] > Exec(early(addDefaultCommands), None, None)
[debug] > Exec(addDefaultCommands, None, None)
[debug] > Exec(early(initialize), None, None)
[debug] > Exec(initialize, None, None)
[debug] > Exec(early(addPluginSbtFile="""C:\Users\Usuario\AppData\Local\Temp\idea.sbt"""), None, None)
[debug] > Exec(addPluginSbtFile="""C:\Users\Usuario\AppData\Local\Temp\idea.sbt""", None, None)
[debug] > Exec(boot, None, None)
[debug] > Exec(writeSbtVersion, None, None)
[debug] > Exec(reload, None, None)
[debug] > Exec(sbtStashOnFailure, None, None)
[debug] > Exec(onFailure loadFailed, None, None)
[debug] > Exec(loadp, None, None)
[info] welcome to sbt 1.9.4 (Oracle Corporation Java 11.0.18)
[debug]       Load.loadUnit: plugins took 84.7471ms
[debug]       Load.loadUnit: defsScala took 0.2712ms
[debug] [Loading] Scanning directory C:\Users\Usuario\.sbt\1.0\plugins
[debug] [Loading] Found non-root projects 
[debug] [Loading] Done in C:\Users\Usuario\.sbt\1.0\plugins, returning: ()
[debug] deducing auto plugins based on known facts Set(Atom(sbt.plugins.CorePlugin)) and clauses Clauses(Clause(Atom(sbt.plugins.JvmPlugin),Set(Atom(sbt.plugins.IvyPlugin)))
[debug] Clause(Atom(sbt.ScriptedPlugin),Set(Atom(sbt.plugins.JvmPlugin)))
[debug] Clause(Atom(sbt.plugins.SbtPlugin),Set(Atom(sbt.ScriptedPlugin)))
[debug] Clause(Atom(sbt.plugins.SemanticdbPlugin),Set(Atom(sbt.plugins.JvmPlugin)))
[debug] Clause(Atom(sbt.plugins.JUnitXmlReportPlugin),Set(Atom(sbt.plugins.JvmPlugin)))
[debug] Clause(Atom(sbt.plugins.MiniDependencyTreePlugin),Set(Atom(sbt.plugins.JvmPlugin)))
[debug] Clause(Atom(sbt.plugins.CorePlugin),Set(Atom(sbt.plugins.IvyPlugin)))
[debug] Clause(Atom(sbt.plugins.IvyPlugin),Set(Atom(sbt.plugins.JvmPlugin)))
[debug] Clause(Atom(sbt.plugins.JvmPlugin),Set(Atom(sbt.plugins.SemanticdbPlugin)))
[debug] Clause(Atom(sbt.plugins.JvmPlugin),Set(Atom(sbt.plugins.JUnitXmlReportPlugin)))
[debug] Clause(Atom(sbt.plugins.CorePlugin),Set(Atom(sbt.plugins.Giter8TemplatePlugin)))
[debug] Clause(Atom(sbt.plugins.JvmPlugin),Set(Atom(sbt.plugins.MiniDependencyTreePlugin))))
[debug]   :: deduced result: Matched(sbt.plugins.CorePlugin,sbt.plugins.Giter8TemplatePlugin,sbt.plugins.IvyPlugin,sbt.plugins.JvmPlugin,sbt.plugins.MiniDependencyTreePlugin,sbt.plugins.JUnitXmlReportPlugin,sbt.plugins.SemanticdbPlugin)
[debug] Plugins.deducer#function took 16.393 ms
[debug]           Load.resolveProject(global-plugins) took 39.3277ms
[debug]         Load.loadTransitive: finalizeProject(Project(id global-plugins, base: C:\Users\Usuario\.sbt\1.0\plugins, plugins: List(<none>))) took 78.2389ms
[debug] [Loading] Done in C:\Users\Usuario\.sbt\1.0\plugins, returning: (global-plugins)
[debug]       Load.loadUnit: loadedProjectsRaw took 96.7026ms
[debug]       Load.loadUnit: cleanEvalClasses took 0.2022ms
[debug]     Load.loadUnit(file:/C:/Users/Usuario/.sbt/1.0/plugins/, ...) took 189.4835ms
[debug]   Load.apply: load took 444.0474ms
[debug]   Load.apply: resolveProjects took 6.7676ms
[debug]   Load.apply: finalTransforms took 59.3261ms
[debug]   Load.apply: config.delegates took 8.6997ms
[debug]   Load.apply: Def.make(settings)... took 467.1214ms
[debug]   Load.apply: structureIndex took 107.6918ms
[debug]   Load.apply: mkStreams took 2.7225ms
[info] loading global plugins from C:\Users\Usuario\.sbt\1.0\plugins
[debug] Running task... Cancel: Signal, check cycles: false, forcegc: true
[debug] Load.defaultLoad until apply took 2444.3063ms
[debug]           Load.loadUnit: plugins took 20.8336ms
[debug]           Load.loadUnit: defsScala took 0.0037ms
[debug] [Loading] Scanning directory C:\Users\Usuario\Dropbox\miscelanea\ProyectosInformaticos\TFGs\2022-GIIM\GalianaSergio-Herramientaneuronalesprofundas\github-codes\scalaWorkSpace\ANN_Energies4hour_binary-characteristics_tfg\project
[debug]             Load.loadUnit: mkEval took 5.284ms
[debug] [Loading] Found non-root projects 
[debug] [Loading] Done in C:\Users\Usuario\Dropbox\miscelanea\ProyectosInformaticos\TFGs\2022-GIIM\GalianaSergio-Herramientaneuronalesprofundas\github-codes\scalaWorkSpace\ANN_Energies4hour_binary-characteristics_tfg\project, returning: ()
[debug] deducing auto plugins based on known facts Set(Atom(sbt.plugins.CorePlugin)) and clauses Clauses(Clause(Atom(sbt.plugins.JvmPlugin),Set(Atom(sbt.plugins.IvyPlugin)))
[debug] Clause(Atom(sbt.ScriptedPlugin),Set(Atom(sbt.plugins.JvmPlugin)))
[debug] Clause(Atom(sbt.plugins.SbtPlugin),Set(Atom(sbt.ScriptedPlugin)))
[debug] Clause(Atom(sbt.plugins.SemanticdbPlugin),Set(Atom(sbt.plugins.JvmPlugin)))
[debug] Clause(Atom(sbt.plugins.JUnitXmlReportPlugin),Set(Atom(sbt.plugins.JvmPlugin)))
[debug] Clause(Atom(sbt.plugins.MiniDependencyTreePlugin),Set(Atom(sbt.plugins.JvmPlugin)))
[debug] Clause(Atom(sbt.plugins.CorePlugin),Set(Atom(sbt.plugins.IvyPlugin)))
[debug] Clause(Atom(sbt.plugins.IvyPlugin),Set(Atom(sbt.plugins.JvmPlugin)))
[debug] Clause(Atom(sbt.plugins.JvmPlugin),Set(Atom(sbt.plugins.SemanticdbPlugin)))
[debug] Clause(Atom(sbt.plugins.JvmPlugin),Set(Atom(sbt.plugins.JUnitXmlReportPlugin)))
[debug] Clause(Atom(sbt.plugins.CorePlugin),Set(Atom(sbt.plugins.Giter8TemplatePlugin)))
[debug] Clause(Atom(sbt.plugins.JvmPlugin),Set(Atom(sbt.plugins.MiniDependencyTreePlugin))))
[debug]   :: deduced result: Matched(sbt.plugins.CorePlugin,sbt.plugins.Giter8TemplatePlugin,sbt.plugins.IvyPlugin,sbt.plugins.JvmPlugin,sbt.plugins.MiniDependencyTreePlugin,sbt.plugins.JUnitXmlReportPlugin,sbt.plugins.SemanticdbPlugin)
[debug] Plugins.deducer#function took 1.5597 ms
[info] loading settings for project ann_energies4hour_binary-characteristics_tfg-build from idea.sbt ...
[debug]               Load.resolveProject(ann_energies4hour_binary-characteristics_tfg-build) took 6.0732ms
[debug]             Load.loadTransitive: finalizeProject(Project(id ann_energies4hour_binary-characteristics_tfg-build, base: C:\Users\Usuario\Dropbox\miscelanea\ProyectosInformaticos\TFGs\2022-GIIM\GalianaSergio-Herramientaneuronalesprofundas\github-codes\scalaWorkSpace\ANN_Energies4hour_binary-characteristics_tfg\project, plugins: List(<none>))) took 8.221ms
[debug] [Loading] Done in C:\Users\Usuario\Dropbox\miscelanea\ProyectosInformaticos\TFGs\2022-GIIM\GalianaSergio-Herramientaneuronalesprofundas\github-codes\scalaWorkSpace\ANN_Energies4hour_binary-characteristics_tfg\project, returning: (ann_energies4hour_binary-characteristics_tfg-build)
[debug]           Load.loadUnit: loadedProjectsRaw took 148.4363ms
[debug]           Load.loadUnit: cleanEvalClasses took 4.6051ms
[debug]         Load.loadUnit(file:/C:/Users/Usuario/Dropbox/miscelanea/ProyectosInformaticos/TFGs/2022-GIIM/GalianaSergio-Herramientaneuronalesprofundas/github-codes/scalaWorkSpace/ANN_Energies4hour_binary-characteristics_tfg/project/, ...) took 175.3507ms
[debug]       Load.apply: load took 176.8311ms
[debug]       Load.apply: resolveProjects took 0.2002ms
[debug]       Load.apply: finalTransforms took 14.4238ms
[debug]       Load.apply: config.delegates took 0.8128ms
[debug]       Load.apply: Def.make(settings)... took 122.3447ms
[debug]       Load.apply: structureIndex took 44.4918ms
[debug]       Load.apply: mkStreams took 0.0034ms
[info] loading project definition from C:\Users\Usuario\Dropbox\miscelanea\ProyectosInformaticos\TFGs\2022-GIIM\GalianaSergio-Herramientaneuronalesprofundas\github-codes\scalaWorkSpace\ANN_Energies4hour_binary-characteristics_tfg\project
[debug] Running task... Cancel: Signal, check cycles: false, forcegc: true
[debug]     Load.loadUnit: plugins took 693.6439ms
[debug]     Load.loadUnit: defsScala took 0.0055ms
[debug] [Loading] Scanning directory C:\Users\Usuario\Dropbox\miscelanea\ProyectosInformaticos\TFGs\2022-GIIM\GalianaSergio-Herramientaneuronalesprofundas\github-codes\scalaWorkSpace\ANN_Energies4hour_binary-characteristics_tfg
[debug]       Load.loadUnit: mkEval took 0.6032ms
[debug] [Loading] Found root project root w/ remaining 
[debug] deducing auto plugins based on known facts Set(Atom(sbt.plugins.CorePlugin)) and clauses Clauses(Clause(Atom(sbt.plugins.JvmPlugin),Set(Atom(sbt.plugins.IvyPlugin)))
[debug] Clause(Atom(sbt.ScriptedPlugin),Set(Atom(sbt.plugins.JvmPlugin)))
[debug] Clause(Atom(sbt.plugins.SbtPlugin),Set(Atom(sbt.ScriptedPlugin)))
[debug] Clause(Atom(sbt.plugins.SemanticdbPlugin),Set(Atom(sbt.plugins.JvmPlugin)))
[debug] Clause(Atom(sbt.plugins.JUnitXmlReportPlugin),Set(Atom(sbt.plugins.JvmPlugin)))
[debug] Clause(Atom(sbt.plugins.MiniDependencyTreePlugin),Set(Atom(sbt.plugins.JvmPlugin)))
[debug] Clause(Atom(org.jetbrains.sbt.StructurePlugin),Set(Atom(sbt.plugins.JvmPlugin)))
[debug] Clause(Atom(org.jetbrains.sbt.IdeaShellPlugin),Set(Atom(sbt.plugins.JvmPlugin)))
[debug] Clause(Atom(org.jetbrains.sbt.indices.SbtIntellijIndicesPlugin),Set(Atom(sbt.plugins.JvmPlugin)))
[debug] Clause(Atom(sbt.plugins.CorePlugin),Set(Atom(sbt.plugins.IvyPlugin)))
[debug] Clause(Atom(sbt.plugins.IvyPlugin),Set(Atom(sbt.plugins.JvmPlugin)))
[debug] Clause(Atom(sbt.plugins.JvmPlugin),Set(Atom(sbt.plugins.SemanticdbPlugin)))
[debug] Clause(Atom(sbt.plugins.JvmPlugin),Set(Atom(sbt.plugins.JUnitXmlReportPlugin)))
[debug] Clause(Atom(sbt.plugins.CorePlugin),Set(Atom(sbt.plugins.Giter8TemplatePlugin)))
[debug] Clause(Atom(sbt.plugins.JvmPlugin),Set(Atom(sbt.plugins.MiniDependencyTreePlugin)))
[debug] Clause(Atom(sbt.plugins.JvmPlugin),Set(Atom(org.jetbrains.sbt.StructurePlugin)))
[debug] Clause(Atom(sbt.plugins.JvmPlugin),Set(Atom(org.jetbrains.sbt.IdeaShellPlugin)))
[debug] Clause(And(Set(Atom(sbt.plugins.CorePlugin), Atom(sbt.plugins.JvmPlugin))),Set(Atom(org.jetbrains.sbt.indices.SbtIntellijIndicesPlugin))))
[debug]   :: deduced result: Matched(sbt.plugins.CorePlugin,sbt.plugins.Giter8TemplatePlugin,sbt.plugins.IvyPlugin,sbt.plugins.JvmPlugin,sbt.plugins.SemanticdbPlugin,org.jetbrains.sbt.indices.SbtIntellijIndicesPlugin,sbt.plugins.JUnitXmlReportPlugin,org.jetbrains.sbt.IdeaShellPlugin,org.jetbrains.sbt.StructurePlugin,sbt.plugins.MiniDependencyTreePlugin)
[debug] Plugins.deducer#function took 2.4915 ms
[info] loading settings for project root from build.sbt ...
[debug]         Load.resolveProject(root) took 37.4476ms
[debug]       Load.loadTransitive: finalizeProject(Project(id root, base: C:\Users\Usuario\Dropbox\miscelanea\ProyectosInformaticos\TFGs\2022-GIIM\GalianaSergio-Herramientaneuronalesprofundas\github-codes\scalaWorkSpace\ANN_Energies4hour_binary-characteristics_tfg, plugins: List(<none>))) took 41.6423ms
[debug] [Loading] Done in C:\Users\Usuario\Dropbox\miscelanea\ProyectosInformaticos\TFGs\2022-GIIM\GalianaSergio-Herramientaneuronalesprofundas\github-codes\scalaWorkSpace\ANN_Energies4hour_binary-characteristics_tfg, returning: (root)
[debug]     Load.loadUnit: loadedProjectsRaw took 137.6351ms
[debug]     Load.loadUnit: cleanEvalClasses took 7.2512ms
[debug]   Load.loadUnit(file:/C:/Users/Usuario/Dropbox/miscelanea/ProyectosInformaticos/TFGs/2022-GIIM/GalianaSergio-Herramientaneuronalesprofundas/github-codes/scalaWorkSpace/ANN_Energies4hour_binary-characteristics_tfg/, ...) took 839.5151ms
[debug] Load.apply: load took 842.1997ms
[debug] Load.apply: resolveProjects took 0.2101ms
[debug] Load.apply: finalTransforms took 39.0269ms
[debug] Load.apply: config.delegates took 0.2999ms
[debug] Load.apply: Def.make(settings)... took 91.0328ms
[debug] Load.apply: structureIndex took 29.0334ms
[debug] Load.apply: mkStreams took 0.0033ms
[info] set current project to ANN_Energies4hour_binary-characteristics (in build file:/C:/Users/Usuario/Dropbox/miscelanea/ProyectosInformaticos/TFGs/2022-GIIM/GalianaSergio-Herramientaneuronalesprofundas/github-codes/scalaWorkSpace/ANN_Energies4hour_binary-characteristics_tfg/)
[debug] > Exec(sbtPopOnFailure, None, None)
[debug] > Exec(resumeFromFailure, None, None)
[debug] > Exec(notifyUsersAboutShell, None, None)
[debug] > Exec(iflast shell, None, None)
[debug] > Exec(; set ideaPort in Global := 50800 ; idea-shell, None, None)
[debug] > Exec(set ideaPort in Global := 50800, None, None)
[info] Defining Global / ideaPort
[info] The new value will be used by Compile / compile, Test / compile
[debug] Defining 
[debug] 	Global / ideaPort
[debug] 
[debug] The new value will be used by 
[debug] 	Compile / compile
[debug] 	Test / compile
[info] Reapplying settings...
[info] set current project to ANN_Energies4hour_binary-characteristics (in build file:/C:/Users/Usuario/Dropbox/miscelanea/ProyectosInformaticos/TFGs/2022-GIIM/GalianaSergio-Herramientaneuronalesprofundas/github-codes/scalaWorkSpace/ANN_Energies4hour_binary-characteristics_tfg/)
[debug] > Exec(idea-shell, None, None)
