[debug] > Exec(early(addDefaultCommands), None, None)
[debug] > Exec(addDefaultCommands, None, None)
[debug] > Exec(early(initialize), None, None)
[debug] > Exec(initialize, None, None)
[debug] > Exec(early(addPluginSbtFile="""C:\Users\Usuario\AppData\Local\Temp\idea.sbt"""), None, None)
[debug] > Exec(addPluginSbtFile="""C:\Users\Usuario\AppData\Local\Temp\idea.sbt""", None, None)
[debug] > Exec(boot, None, None)
[debug] > Exec(writeSbtVersion, None, None)
[debug] > Exec(reload, None, None)
[debug] > Exec(sbtStashOnFailure, None, None)
[debug] > Exec(onFailure loadFailed, None, None)
[debug] > Exec(loadp, None, None)
[info] welcome to sbt 1.9.4 (Oracle Corporation Java 11.0.18)
[debug]       Load.loadUnit: plugins took 65.0935ms
[debug]       Load.loadUnit: defsScala took 0.4104ms
[debug] [Loading] Scanning directory C:\Users\Usuario\.sbt\1.0\plugins
[debug] [Loading] Found non-root projects 
[debug] [Loading] Done in C:\Users\Usuario\.sbt\1.0\plugins, returning: ()
[debug] deducing auto plugins based on known facts Set(Atom(sbt.plugins.CorePlugin)) and clauses Clauses(Clause(Atom(sbt.plugins.JvmPlugin),Set(Atom(sbt.plugins.IvyPlugin)))
[debug] Clause(Atom(sbt.ScriptedPlugin),Set(Atom(sbt.plugins.JvmPlugin)))
[debug] Clause(Atom(sbt.plugins.SbtPlugin),Set(Atom(sbt.ScriptedPlugin)))
[debug] Clause(Atom(sbt.plugins.SemanticdbPlugin),Set(Atom(sbt.plugins.JvmPlugin)))
[debug] Clause(Atom(sbt.plugins.JUnitXmlReportPlugin),Set(Atom(sbt.plugins.JvmPlugin)))
[debug] Clause(Atom(sbt.plugins.MiniDependencyTreePlugin),Set(Atom(sbt.plugins.JvmPlugin)))
[debug] Clause(Atom(sbt.plugins.CorePlugin),Set(Atom(sbt.plugins.IvyPlugin)))
[debug] Clause(Atom(sbt.plugins.IvyPlugin),Set(Atom(sbt.plugins.JvmPlugin)))
[debug] Clause(Atom(sbt.plugins.JvmPlugin),Set(Atom(sbt.plugins.SemanticdbPlugin)))
[debug] Clause(Atom(sbt.plugins.JvmPlugin),Set(Atom(sbt.plugins.JUnitXmlReportPlugin)))
[debug] Clause(Atom(sbt.plugins.CorePlugin),Set(Atom(sbt.plugins.Giter8TemplatePlugin)))
[debug] Clause(Atom(sbt.plugins.JvmPlugin),Set(Atom(sbt.plugins.MiniDependencyTreePlugin))))
[debug]   :: deduced result: Matched(sbt.plugins.CorePlugin,sbt.plugins.Giter8TemplatePlugin,sbt.plugins.IvyPlugin,sbt.plugins.JvmPlugin,sbt.plugins.MiniDependencyTreePlugin,sbt.plugins.JUnitXmlReportPlugin,sbt.plugins.SemanticdbPlugin)
[debug] Plugins.deducer#function took 10.3794 ms
[debug]           Load.resolveProject(global-plugins) took 37.0196ms
[debug]         Load.loadTransitive: finalizeProject(Project(id global-plugins, base: C:\Users\Usuario\.sbt\1.0\plugins, plugins: List(<none>))) took 64.9338ms
[debug] [Loading] Done in C:\Users\Usuario\.sbt\1.0\plugins, returning: (global-plugins)
[debug]       Load.loadUnit: loadedProjectsRaw took 77.9831ms
[debug]       Load.loadUnit: cleanEvalClasses took 0.1941ms
[debug]     Load.loadUnit(file:/C:/Users/Usuario/.sbt/1.0/plugins/, ...) took 150.4094ms
[debug]   Load.apply: load took 279.8546ms
[debug]   Load.apply: resolveProjects took 4.7366ms
[debug]   Load.apply: finalTransforms took 55.4737ms
[debug]   Load.apply: config.delegates took 5.3581ms
[debug]   Load.apply: Def.make(settings)... took 394.4037ms
[debug]   Load.apply: structureIndex took 90.9283ms
[debug]   Load.apply: mkStreams took 2.1314ms
[info] loading global plugins from C:\Users\Usuario\.sbt\1.0\plugins
[debug] Running task... Cancel: Signal, check cycles: false, forcegc: true
[debug] Load.defaultLoad until apply took 6568.2957ms
[debug]           Load.loadUnit: plugins took 16.115ms
[debug]           Load.loadUnit: defsScala took 0.0036ms
[debug] [Loading] Scanning directory C:\Users\Usuario\Dropbox\miscelanea\ProyectosInformaticos\TFGs\2022-GIIM\GalianaSergio-Herramientaneuronalesprofundas\github-codes\scalaWorkSpace\ANN_Energies4hour_binary-characteristics_tfg\project
[debug]             Load.loadUnit: mkEval took 6.2055ms
[debug] [Loading] Found non-root projects 
[debug] [Loading] Done in C:\Users\Usuario\Dropbox\miscelanea\ProyectosInformaticos\TFGs\2022-GIIM\GalianaSergio-Herramientaneuronalesprofundas\github-codes\scalaWorkSpace\ANN_Energies4hour_binary-characteristics_tfg\project, returning: ()
[debug] deducing auto plugins based on known facts Set(Atom(sbt.plugins.CorePlugin)) and clauses Clauses(Clause(Atom(sbt.plugins.JvmPlugin),Set(Atom(sbt.plugins.IvyPlugin)))
[debug] Clause(Atom(sbt.ScriptedPlugin),Set(Atom(sbt.plugins.JvmPlugin)))
[debug] Clause(Atom(sbt.plugins.SbtPlugin),Set(Atom(sbt.ScriptedPlugin)))
[debug] Clause(Atom(sbt.plugins.SemanticdbPlugin),Set(Atom(sbt.plugins.JvmPlugin)))
[debug] Clause(Atom(sbt.plugins.JUnitXmlReportPlugin),Set(Atom(sbt.plugins.JvmPlugin)))
[debug] Clause(Atom(sbt.plugins.MiniDependencyTreePlugin),Set(Atom(sbt.plugins.JvmPlugin)))
[debug] Clause(Atom(sbt.plugins.CorePlugin),Set(Atom(sbt.plugins.IvyPlugin)))
[debug] Clause(Atom(sbt.plugins.IvyPlugin),Set(Atom(sbt.plugins.JvmPlugin)))
[debug] Clause(Atom(sbt.plugins.JvmPlugin),Set(Atom(sbt.plugins.SemanticdbPlugin)))
[debug] Clause(Atom(sbt.plugins.JvmPlugin),Set(Atom(sbt.plugins.JUnitXmlReportPlugin)))
[debug] Clause(Atom(sbt.plugins.CorePlugin),Set(Atom(sbt.plugins.Giter8TemplatePlugin)))
[debug] Clause(Atom(sbt.plugins.JvmPlugin),Set(Atom(sbt.plugins.MiniDependencyTreePlugin))))
[debug]   :: deduced result: Matched(sbt.plugins.CorePlugin,sbt.plugins.Giter8TemplatePlugin,sbt.plugins.IvyPlugin,sbt.plugins.JvmPlugin,sbt.plugins.MiniDependencyTreePlugin,sbt.plugins.JUnitXmlReportPlugin,sbt.plugins.SemanticdbPlugin)
[debug] Plugins.deducer#function took 1.384 ms
[info] loading settings for project ann_energies4hour_binary-characteristics_tfg-build from idea.sbt ...
[debug]               Load.resolveProject(ann_energies4hour_binary-characteristics_tfg-build) took 2.5401ms
[debug]             Load.loadTransitive: finalizeProject(Project(id ann_energies4hour_binary-characteristics_tfg-build, base: C:\Users\Usuario\Dropbox\miscelanea\ProyectosInformaticos\TFGs\2022-GIIM\GalianaSergio-Herramientaneuronalesprofundas\github-codes\scalaWorkSpace\ANN_Energies4hour_binary-characteristics_tfg\project, plugins: List(<none>))) took 4.2478ms
[debug] [Loading] Done in C:\Users\Usuario\Dropbox\miscelanea\ProyectosInformaticos\TFGs\2022-GIIM\GalianaSergio-Herramientaneuronalesprofundas\github-codes\scalaWorkSpace\ANN_Energies4hour_binary-characteristics_tfg\project, returning: (ann_energies4hour_binary-characteristics_tfg-build)
[debug]           Load.loadUnit: loadedProjectsRaw took 108.1474ms
[debug]           Load.loadUnit: cleanEvalClasses took 3.2879ms
[debug]         Load.loadUnit(file:/C:/Users/Usuario/Dropbox/miscelanea/ProyectosInformaticos/TFGs/2022-GIIM/GalianaSergio-Herramientaneuronalesprofundas/github-codes/scalaWorkSpace/ANN_Energies4hour_binary-characteristics_tfg/project/, ...) took 128.7047ms
[debug]       Load.apply: load took 130.0726ms
[debug]       Load.apply: resolveProjects took 0.0878ms
[debug]       Load.apply: finalTransforms took 6.6981ms
[debug]       Load.apply: config.delegates took 0.4108ms
[debug]       Load.apply: Def.make(settings)... took 96.8368ms
[debug]       Load.apply: structureIndex took 43.0312ms
[debug]       Load.apply: mkStreams took 0.0032ms
[info] loading project definition from C:\Users\Usuario\Dropbox\miscelanea\ProyectosInformaticos\TFGs\2022-GIIM\GalianaSergio-Herramientaneuronalesprofundas\github-codes\scalaWorkSpace\ANN_Energies4hour_binary-characteristics_tfg\project
[debug] Running task... Cancel: Signal, check cycles: false, forcegc: true
[warn] Unrecognized repository Scala Plugin Bundled Repository, ignoring it
[warn] Unrecognized repository Scala Plugin Bundled Repository, ignoring it
[debug]     Load.loadUnit: plugins took 759.5004ms
[debug]     Load.loadUnit: defsScala took 0.0026ms
[debug] [Loading] Scanning directory C:\Users\Usuario\Dropbox\miscelanea\ProyectosInformaticos\TFGs\2022-GIIM\GalianaSergio-Herramientaneuronalesprofundas\github-codes\scalaWorkSpace\ANN_Energies4hour_binary-characteristics_tfg
[debug]       Load.loadUnit: mkEval took 0.227ms
[debug] [Loading] Found root project root w/ remaining 
[debug] deducing auto plugins based on known facts Set(Atom(sbt.plugins.CorePlugin)) and clauses Clauses(Clause(Atom(sbt.plugins.JvmPlugin),Set(Atom(sbt.plugins.IvyPlugin)))
[debug] Clause(Atom(sbt.ScriptedPlugin),Set(Atom(sbt.plugins.JvmPlugin)))
[debug] Clause(Atom(sbt.plugins.SbtPlugin),Set(Atom(sbt.ScriptedPlugin)))
[debug] Clause(Atom(sbt.plugins.SemanticdbPlugin),Set(Atom(sbt.plugins.JvmPlugin)))
[debug] Clause(Atom(sbt.plugins.JUnitXmlReportPlugin),Set(Atom(sbt.plugins.JvmPlugin)))
[debug] Clause(Atom(sbt.plugins.MiniDependencyTreePlugin),Set(Atom(sbt.plugins.JvmPlugin)))
[debug] Clause(Atom(org.jetbrains.sbt.StructurePlugin),Set(Atom(sbt.plugins.JvmPlugin)))
[debug] Clause(Atom(org.jetbrains.sbt.IdeaShellPlugin),Set(Atom(sbt.plugins.JvmPlugin)))
[debug] Clause(Atom(org.jetbrains.sbt.indices.SbtIntellijIndicesPlugin),Set(Atom(sbt.plugins.JvmPlugin)))
[debug] Clause(Atom(sbt.plugins.CorePlugin),Set(Atom(sbt.plugins.IvyPlugin)))
[debug] Clause(Atom(sbt.plugins.IvyPlugin),Set(Atom(sbt.plugins.JvmPlugin)))
[debug] Clause(Atom(sbt.plugins.JvmPlugin),Set(Atom(sbt.plugins.SemanticdbPlugin)))
[debug] Clause(Atom(sbt.plugins.JvmPlugin),Set(Atom(sbt.plugins.JUnitXmlReportPlugin)))
[debug] Clause(Atom(sbt.plugins.CorePlugin),Set(Atom(sbt.plugins.Giter8TemplatePlugin)))
[debug] Clause(Atom(sbt.plugins.JvmPlugin),Set(Atom(sbt.plugins.MiniDependencyTreePlugin)))
[debug] Clause(Atom(sbt.plugins.JvmPlugin),Set(Atom(org.jetbrains.sbt.StructurePlugin)))
[debug] Clause(Atom(sbt.plugins.JvmPlugin),Set(Atom(org.jetbrains.sbt.IdeaShellPlugin)))
[debug] Clause(And(Set(Atom(sbt.plugins.CorePlugin), Atom(sbt.plugins.JvmPlugin))),Set(Atom(org.jetbrains.sbt.indices.SbtIntellijIndicesPlugin))))
[debug]   :: deduced result: Matched(sbt.plugins.CorePlugin,sbt.plugins.Giter8TemplatePlugin,sbt.plugins.IvyPlugin,sbt.plugins.JvmPlugin,sbt.plugins.SemanticdbPlugin,org.jetbrains.sbt.indices.SbtIntellijIndicesPlugin,sbt.plugins.JUnitXmlReportPlugin,org.jetbrains.sbt.IdeaShellPlugin,org.jetbrains.sbt.StructurePlugin,sbt.plugins.MiniDependencyTreePlugin)
[debug] Plugins.deducer#function took 2.1302 ms
[info] loading settings for project root from build.sbt ...
[debug]         Load.resolveProject(root) took 27.0105ms
[debug]       Load.loadTransitive: finalizeProject(Project(id root, base: C:\Users\Usuario\Dropbox\miscelanea\ProyectosInformaticos\TFGs\2022-GIIM\GalianaSergio-Herramientaneuronalesprofundas\github-codes\scalaWorkSpace\ANN_Energies4hour_binary-characteristics_tfg, plugins: List(<none>))) took 30.9537ms
[debug] [Loading] Done in C:\Users\Usuario\Dropbox\miscelanea\ProyectosInformaticos\TFGs\2022-GIIM\GalianaSergio-Herramientaneuronalesprofundas\github-codes\scalaWorkSpace\ANN_Energies4hour_binary-characteristics_tfg, returning: (root)
[debug]     Load.loadUnit: loadedProjectsRaw took 3087.2463ms
[debug]     Load.loadUnit: cleanEvalClasses took 15.1464ms
[debug]   Load.loadUnit(file:/C:/Users/Usuario/Dropbox/miscelanea/ProyectosInformaticos/TFGs/2022-GIIM/GalianaSergio-Herramientaneuronalesprofundas/github-codes/scalaWorkSpace/ANN_Energies4hour_binary-characteristics_tfg/, ...) took 3862.4754ms
[debug] Load.apply: load took 3864.3695ms
[debug] Load.apply: resolveProjects took 0.1994ms
[debug] Load.apply: finalTransforms took 37.974ms
[debug] Load.apply: config.delegates took 0.6261ms
[debug] Load.apply: Def.make(settings)... took 104.5553ms
[debug] Load.apply: structureIndex took 50.3758ms
[debug] Load.apply: mkStreams took 0.003ms
[info] set current project to ANN_Energies4hour_binary-characteristics (in build file:/C:/Users/Usuario/Dropbox/miscelanea/ProyectosInformaticos/TFGs/2022-GIIM/GalianaSergio-Herramientaneuronalesprofundas/github-codes/scalaWorkSpace/ANN_Energies4hour_binary-characteristics_tfg/)
[debug] > Exec(sbtPopOnFailure, None, None)
[debug] > Exec(resumeFromFailure, None, None)
[debug] > Exec(notifyUsersAboutShell, None, None)
[debug] > Exec(iflast shell, None, None)
[debug] > Exec(; set ideaPort in Global := 57465 ; idea-shell, None, None)
[debug] > Exec(set ideaPort in Global := 57465, None, None)
[info] Defining Global / ideaPort
[info] The new value will be used by Compile / compile, Test / compile
[debug] Defining 
[debug] 	Global / ideaPort
[debug] 
[debug] The new value will be used by 
[debug] 	Compile / compile
[debug] 	Test / compile
[info] Reapplying settings...
[info] set current project to ANN_Energies4hour_binary-characteristics (in build file:/C:/Users/Usuario/Dropbox/miscelanea/ProyectosInformaticos/TFGs/2022-GIIM/GalianaSergio-Herramientaneuronalesprofundas/github-codes/scalaWorkSpace/ANN_Energies4hour_binary-characteristics_tfg/)
[debug] > Exec(idea-shell, None, None)
