[debug] > Exec(early(addDefaultCommands), None, None)
[debug] > Exec(addDefaultCommands, None, None)
[debug] > Exec(early(initialize), None, None)
[debug] > Exec(initialize, None, None)
[debug] > Exec(early(addPluginSbtFile="""C:\Users\Usuario\AppData\Local\Temp\idea.sbt"""), None, None)
[debug] > Exec(addPluginSbtFile="""C:\Users\Usuario\AppData\Local\Temp\idea.sbt""", None, None)
[debug] > Exec(boot, None, None)
[debug] > Exec(writeSbtVersion, None, None)
[debug] > Exec(reload, None, None)
[debug] > Exec(sbtStashOnFailure, None, None)
[debug] > Exec(onFailure loadFailed, None, None)
[debug] > Exec(loadp, None, None)
[info] welcome to sbt 1.9.4 (Oracle Corporation Java 11.0.18)
[debug]       Load.loadUnit: plugins took 163.7831ms
[debug]       Load.loadUnit: defsScala took 0.5158ms
[debug] [Loading] Scanning directory C:\Users\Usuario\.sbt\1.0\plugins
[debug] [Loading] Found non-root projects 
[debug] [Loading] Done in C:\Users\Usuario\.sbt\1.0\plugins, returning: ()
[debug] deducing auto plugins based on known facts Set(Atom(sbt.plugins.CorePlugin)) and clauses Clauses(Clause(Atom(sbt.plugins.JvmPlugin),Set(Atom(sbt.plugins.IvyPlugin)))
[debug] Clause(Atom(sbt.ScriptedPlugin),Set(Atom(sbt.plugins.JvmPlugin)))
[debug] Clause(Atom(sbt.plugins.SbtPlugin),Set(Atom(sbt.ScriptedPlugin)))
[debug] Clause(Atom(sbt.plugins.SemanticdbPlugin),Set(Atom(sbt.plugins.JvmPlugin)))
[debug] Clause(Atom(sbt.plugins.JUnitXmlReportPlugin),Set(Atom(sbt.plugins.JvmPlugin)))
[debug] Clause(Atom(sbt.plugins.MiniDependencyTreePlugin),Set(Atom(sbt.plugins.JvmPlugin)))
[debug] Clause(Atom(sbt.plugins.CorePlugin),Set(Atom(sbt.plugins.IvyPlugin)))
[debug] Clause(Atom(sbt.plugins.IvyPlugin),Set(Atom(sbt.plugins.JvmPlugin)))
[debug] Clause(Atom(sbt.plugins.JvmPlugin),Set(Atom(sbt.plugins.SemanticdbPlugin)))
[debug] Clause(Atom(sbt.plugins.JvmPlugin),Set(Atom(sbt.plugins.JUnitXmlReportPlugin)))
[debug] Clause(Atom(sbt.plugins.CorePlugin),Set(Atom(sbt.plugins.Giter8TemplatePlugin)))
[debug] Clause(Atom(sbt.plugins.JvmPlugin),Set(Atom(sbt.plugins.MiniDependencyTreePlugin))))
[debug]   :: deduced result: Matched(sbt.plugins.CorePlugin,sbt.plugins.Giter8TemplatePlugin,sbt.plugins.IvyPlugin,sbt.plugins.JvmPlugin,sbt.plugins.MiniDependencyTreePlugin,sbt.plugins.JUnitXmlReportPlugin,sbt.plugins.SemanticdbPlugin)
[debug] Plugins.deducer#function took 38.8234 ms
[debug]           Load.resolveProject(global-plugins) took 109.9639ms
[debug]         Load.loadTransitive: finalizeProject(Project(id global-plugins, base: C:\Users\Usuario\.sbt\1.0\plugins, plugins: List(<none>))) took 183.0951ms
[debug] [Loading] Done in C:\Users\Usuario\.sbt\1.0\plugins, returning: (global-plugins)
[debug]       Load.loadUnit: loadedProjectsRaw took 213.0343ms
[debug]       Load.loadUnit: cleanEvalClasses took 0.4146ms
[debug]     Load.loadUnit(file:/C:/Users/Usuario/.sbt/1.0/plugins/, ...) took 393.6176ms
[debug]   Load.apply: load took 895.4616ms
[debug]   Load.apply: resolveProjects took 13.3718ms
[debug]   Load.apply: finalTransforms took 115.9594ms
[debug]   Load.apply: config.delegates took 10.2459ms
[debug]   Load.apply: Def.make(settings)... took 688.2461ms
[debug]   Load.apply: structureIndex took 166.3072ms
[debug]   Load.apply: mkStreams took 2.8179ms
[info] loading global plugins from C:\Users\Usuario\.sbt\1.0\plugins
[debug] Running task... Cancel: Signal, check cycles: false, forcegc: true
[debug] Load.defaultLoad until apply took 4588.2373ms
[debug]           Load.loadUnit: plugins took 50.17ms
[debug]           Load.loadUnit: defsScala took 0.0075ms
[debug] [Loading] Scanning directory C:\Users\Usuario\Dropbox\miscelanea\ProyectosInformaticos\TFGs\2022-GIIM\GalianaSergio-Herramientaneuronalesprofundas\github-codes\scalaWorkSpace\ANN_Energies4hour_binary-characteristics_tfg\project
[debug]             Load.loadUnit: mkEval took 6.1853ms
[debug] [Loading] Found non-root projects 
[debug] [Loading] Done in C:\Users\Usuario\Dropbox\miscelanea\ProyectosInformaticos\TFGs\2022-GIIM\GalianaSergio-Herramientaneuronalesprofundas\github-codes\scalaWorkSpace\ANN_Energies4hour_binary-characteristics_tfg\project, returning: ()
[debug] deducing auto plugins based on known facts Set(Atom(sbt.plugins.CorePlugin)) and clauses Clauses(Clause(Atom(sbt.plugins.JvmPlugin),Set(Atom(sbt.plugins.IvyPlugin)))
[debug] Clause(Atom(sbt.ScriptedPlugin),Set(Atom(sbt.plugins.JvmPlugin)))
[debug] Clause(Atom(sbt.plugins.SbtPlugin),Set(Atom(sbt.ScriptedPlugin)))
[debug] Clause(Atom(sbt.plugins.SemanticdbPlugin),Set(Atom(sbt.plugins.JvmPlugin)))
[debug] Clause(Atom(sbt.plugins.JUnitXmlReportPlugin),Set(Atom(sbt.plugins.JvmPlugin)))
[debug] Clause(Atom(sbt.plugins.MiniDependencyTreePlugin),Set(Atom(sbt.plugins.JvmPlugin)))
[debug] Clause(Atom(sbt.plugins.CorePlugin),Set(Atom(sbt.plugins.IvyPlugin)))
[debug] Clause(Atom(sbt.plugins.IvyPlugin),Set(Atom(sbt.plugins.JvmPlugin)))
[debug] Clause(Atom(sbt.plugins.JvmPlugin),Set(Atom(sbt.plugins.SemanticdbPlugin)))
[debug] Clause(Atom(sbt.plugins.JvmPlugin),Set(Atom(sbt.plugins.JUnitXmlReportPlugin)))
[debug] Clause(Atom(sbt.plugins.CorePlugin),Set(Atom(sbt.plugins.Giter8TemplatePlugin)))
[debug] Clause(Atom(sbt.plugins.JvmPlugin),Set(Atom(sbt.plugins.MiniDependencyTreePlugin))))
[debug]   :: deduced result: Matched(sbt.plugins.CorePlugin,sbt.plugins.Giter8TemplatePlugin,sbt.plugins.IvyPlugin,sbt.plugins.JvmPlugin,sbt.plugins.MiniDependencyTreePlugin,sbt.plugins.JUnitXmlReportPlugin,sbt.plugins.SemanticdbPlugin)
[debug] Plugins.deducer#function took 3.3947 ms
[info] loading settings for project ann_energies4hour_binary-characteristics_tfg-build from idea.sbt ...
[debug]               Load.resolveProject(ann_energies4hour_binary-characteristics_tfg-build) took 4.4631ms
[debug]             Load.loadTransitive: finalizeProject(Project(id ann_energies4hour_binary-characteristics_tfg-build, base: C:\Users\Usuario\Dropbox\miscelanea\ProyectosInformaticos\TFGs\2022-GIIM\GalianaSergio-Herramientaneuronalesprofundas\github-codes\scalaWorkSpace\ANN_Energies4hour_binary-characteristics_tfg\project, plugins: List(<none>))) took 8.4995ms
[debug] [Loading] Done in C:\Users\Usuario\Dropbox\miscelanea\ProyectosInformaticos\TFGs\2022-GIIM\GalianaSergio-Herramientaneuronalesprofundas\github-codes\scalaWorkSpace\ANN_Energies4hour_binary-characteristics_tfg\project, returning: (ann_energies4hour_binary-characteristics_tfg-build)
[debug]           Load.loadUnit: loadedProjectsRaw took 254.6543ms
[debug]           Load.loadUnit: cleanEvalClasses took 10.0451ms
[debug]         Load.loadUnit(file:/C:/Users/Usuario/Dropbox/miscelanea/ProyectosInformaticos/TFGs/2022-GIIM/GalianaSergio-Herramientaneuronalesprofundas/github-codes/scalaWorkSpace/ANN_Energies4hour_binary-characteristics_tfg/project/, ...) took 317.5262ms
[debug]       Load.apply: load took 320.4551ms
[debug]       Load.apply: resolveProjects took 0.2641ms
[debug]       Load.apply: finalTransforms took 21.3848ms
[debug]       Load.apply: config.delegates took 0.7112ms
[debug]       Load.apply: Def.make(settings)... took 231.3184ms
[debug]       Load.apply: structureIndex took 79.6514ms
[debug]       Load.apply: mkStreams took 0.004ms
[info] loading project definition from C:\Users\Usuario\Dropbox\miscelanea\ProyectosInformaticos\TFGs\2022-GIIM\GalianaSergio-Herramientaneuronalesprofundas\github-codes\scalaWorkSpace\ANN_Energies4hour_binary-characteristics_tfg\project
[debug] Running task... Cancel: Signal, check cycles: false, forcegc: true
[warn] Unrecognized repository Scala Plugin Bundled Repository, ignoring it
[warn] Unrecognized repository Scala Plugin Bundled Repository, ignoring it
[debug]     Load.loadUnit: plugins took 2337.1795ms
[debug]     Load.loadUnit: defsScala took 0.0044ms
[debug] [Loading] Scanning directory C:\Users\Usuario\Dropbox\miscelanea\ProyectosInformaticos\TFGs\2022-GIIM\GalianaSergio-Herramientaneuronalesprofundas\github-codes\scalaWorkSpace\ANN_Energies4hour_binary-characteristics_tfg
[debug]       Load.loadUnit: mkEval took 0.2868ms
[debug] [Loading] Found root project root w/ remaining 
[debug] deducing auto plugins based on known facts Set(Atom(sbt.plugins.CorePlugin)) and clauses Clauses(Clause(Atom(sbt.plugins.JvmPlugin),Set(Atom(sbt.plugins.IvyPlugin)))
[debug] Clause(Atom(sbt.ScriptedPlugin),Set(Atom(sbt.plugins.JvmPlugin)))
[debug] Clause(Atom(sbt.plugins.SbtPlugin),Set(Atom(sbt.ScriptedPlugin)))
[debug] Clause(Atom(sbt.plugins.SemanticdbPlugin),Set(Atom(sbt.plugins.JvmPlugin)))
[debug] Clause(Atom(sbt.plugins.JUnitXmlReportPlugin),Set(Atom(sbt.plugins.JvmPlugin)))
[debug] Clause(Atom(sbt.plugins.MiniDependencyTreePlugin),Set(Atom(sbt.plugins.JvmPlugin)))
[debug] Clause(Atom(org.jetbrains.sbt.StructurePlugin),Set(Atom(sbt.plugins.JvmPlugin)))
[debug] Clause(Atom(org.jetbrains.sbt.IdeaShellPlugin),Set(Atom(sbt.plugins.JvmPlugin)))
[debug] Clause(Atom(org.jetbrains.sbt.indices.SbtIntellijIndicesPlugin),Set(Atom(sbt.plugins.JvmPlugin)))
[debug] Clause(Atom(sbt.plugins.CorePlugin),Set(Atom(sbt.plugins.IvyPlugin)))
[debug] Clause(Atom(sbt.plugins.IvyPlugin),Set(Atom(sbt.plugins.JvmPlugin)))
[debug] Clause(Atom(sbt.plugins.JvmPlugin),Set(Atom(sbt.plugins.SemanticdbPlugin)))
[debug] Clause(Atom(sbt.plugins.JvmPlugin),Set(Atom(sbt.plugins.JUnitXmlReportPlugin)))
[debug] Clause(Atom(sbt.plugins.CorePlugin),Set(Atom(sbt.plugins.Giter8TemplatePlugin)))
[debug] Clause(Atom(sbt.plugins.JvmPlugin),Set(Atom(sbt.plugins.MiniDependencyTreePlugin)))
[debug] Clause(Atom(sbt.plugins.JvmPlugin),Set(Atom(org.jetbrains.sbt.StructurePlugin)))
[debug] Clause(Atom(sbt.plugins.JvmPlugin),Set(Atom(org.jetbrains.sbt.IdeaShellPlugin)))
[debug] Clause(And(Set(Atom(sbt.plugins.CorePlugin), Atom(sbt.plugins.JvmPlugin))),Set(Atom(org.jetbrains.sbt.indices.SbtIntellijIndicesPlugin))))
[debug]   :: deduced result: Matched(sbt.plugins.CorePlugin,sbt.plugins.Giter8TemplatePlugin,sbt.plugins.IvyPlugin,sbt.plugins.JvmPlugin,sbt.plugins.SemanticdbPlugin,org.jetbrains.sbt.indices.SbtIntellijIndicesPlugin,sbt.plugins.JUnitXmlReportPlugin,org.jetbrains.sbt.IdeaShellPlugin,org.jetbrains.sbt.StructurePlugin,sbt.plugins.MiniDependencyTreePlugin)
[debug] Plugins.deducer#function took 7.2917 ms
[info] loading settings for project root from build.sbt ...
[debug]         Load.resolveProject(root) took 59.1126ms
[debug]       Load.loadTransitive: finalizeProject(Project(id root, base: C:\Users\Usuario\Dropbox\miscelanea\ProyectosInformaticos\TFGs\2022-GIIM\GalianaSergio-Herramientaneuronalesprofundas\github-codes\scalaWorkSpace\ANN_Energies4hour_binary-characteristics_tfg, plugins: List(<none>))) took 72.2473ms
[debug] [Loading] Done in C:\Users\Usuario\Dropbox\miscelanea\ProyectosInformaticos\TFGs\2022-GIIM\GalianaSergio-Herramientaneuronalesprofundas\github-codes\scalaWorkSpace\ANN_Energies4hour_binary-characteristics_tfg, returning: (root)
[debug]     Load.loadUnit: loadedProjectsRaw took 6063.8449ms
[debug]     Load.loadUnit: cleanEvalClasses took 17.719ms
[debug]   Load.loadUnit(file:/C:/Users/Usuario/Dropbox/miscelanea/ProyectosInformaticos/TFGs/2022-GIIM/GalianaSergio-Herramientaneuronalesprofundas/github-codes/scalaWorkSpace/ANN_Energies4hour_binary-characteristics_tfg/, ...) took 8419.561ms
[debug] Load.apply: load took 8425.784ms
[debug] Load.apply: resolveProjects took 0.3982ms
[debug] Load.apply: finalTransforms took 61.4774ms
[debug] Load.apply: config.delegates took 0.6965ms
[debug] Load.apply: Def.make(settings)... took 268.2731ms
[debug] Load.apply: structureIndex took 76.5368ms
[debug] Load.apply: mkStreams took 0.004ms
[info] set current project to ANN_Energies4hour_binary-characteristics (in build file:/C:/Users/Usuario/Dropbox/miscelanea/ProyectosInformaticos/TFGs/2022-GIIM/GalianaSergio-Herramientaneuronalesprofundas/github-codes/scalaWorkSpace/ANN_Energies4hour_binary-characteristics_tfg/)
[debug] > Exec(sbtPopOnFailure, None, None)
[debug] > Exec(resumeFromFailure, None, None)
[debug] > Exec(notifyUsersAboutShell, None, None)
[debug] > Exec(iflast shell, None, None)
[debug] > Exec(; set ideaPort in Global := 63443 ; idea-shell, None, None)
[debug] > Exec(set ideaPort in Global := 63443, None, None)
[info] Defining Global / ideaPort
[info] The new value will be used by Compile / compile, Test / compile
[debug] Defining 
[debug] 	Global / ideaPort
[debug] 
[debug] The new value will be used by 
[debug] 	Compile / compile
[debug] 	Test / compile
[info] Reapplying settings...
[info] set current project to ANN_Energies4hour_binary-characteristics (in build file:/C:/Users/Usuario/Dropbox/miscelanea/ProyectosInformaticos/TFGs/2022-GIIM/GalianaSergio-Herramientaneuronalesprofundas/github-codes/scalaWorkSpace/ANN_Energies4hour_binary-characteristics_tfg/)
[debug] > Exec(idea-shell, None, None)
